<?xml version="1.0" encoding="UTF-8"?>
<testng-results ignored="0" total="1" passed="1" failed="0" skipped="0">
  <reporter-output>
  </reporter-output>
  <suite started-at="2024-05-26T18:16:03 IST" name="Default suite" finished-at="2024-05-26T18:16:48 IST" duration-ms="45327">
    <groups>
    </groups>
    <test started-at="2024-05-26T18:16:03 IST" name="Default test" finished-at="2024-05-26T18:16:48 IST" duration-ms="45327">
      <class name="personal_Details.User_management_details">
        <test-method signature="verifyfieldEditable()[pri:0, instance:personal_Details.User_management_details@7714e963]" started-at="2024-05-26T18:16:03 IST" name="verifyfieldEditable" finished-at="2024-05-26T18:16:48 IST" duration-ms="45284" status="PASS">
          <reporter-output>
          </reporter-output>
        </test-method> <!-- verifyfieldEditable -->
      </class> <!-- personal_Details.User_management_details -->
    </test> <!-- Default test -->
  </suite> <!-- Default suite -->
</testng-results>
